<?xml version="1.0" encoding="UTF-8"?>
<testsuite xmlns:xsi="http://www.w3.org/2001/XMLSchema-instance" xsi:noNamespaceSchemaLocation="https://maven.apache.org/surefire/maven-surefire-plugin/xsd/surefire-test-report-3.0.xsd" version="3.0" name="CartFunctionalityTests" time="24.482" tests="18" errors="0" skipped="17" failures="1">
  <properties>
[...]
</properties>
  <testcase name="initDriverAndLoginAccountAndSetDeliveryAddress" classname="CartFunctionalityTests" time="20.272">
    <failure message="element click intercepted: Element &lt;span class=&quot;MuiButton-label&quot;&gt;...&lt;/span&gt; is not clickable at point (926, 38). Other element would receive the click: &lt;div class=&quot;MuiDialog-container MuiDialog-scrollPaper&quot; role=&quot;none presentation&quot; tabindex=&quot;-1&quot; style=&quot;opacity: 1; transition: opacity 225ms cubic-bezier(0.4, 0, 0.2, 1) 0ms;&quot;&gt;...&lt;/div&gt;&#10;  (Session info: chrome=108.0.5359.94)&#10;Build info: version: &apos;4.6.0&apos;, revision: &apos;79f1c02ae20&apos;&#10;System info: os.name: &apos;Windows 10&apos;, os.arch: &apos;amd64&apos;, os.version: &apos;10.0&apos;, java.version: &apos;17.0.2&apos;&#10;Driver info: org.openqa.selenium.chrome.ChromeDriver&#10;Command: [ffa5396b1945aefaa1fe16ce457b0c37, clickElement {id=27520950-2737-4952-81d9-66a894efff29}]&#10;Capabilities {acceptInsecureCerts: false, browserName: chrome, browserVersion: 108.0.5359.94, chrome: {chromedriverVersion: 108.0.5359.71 (1e0e3868ee06..., userDataDir: C:\Users\Hamlet\AppData\Loc...}, goog:chromeOptions: {debuggerAddress: localhost:52779}, networkConnectionEnabled: false, pageLoadStrategy: normal, platformName: WINDOWS, proxy: Proxy(), se:cdp: ws://localhost:52779/devtoo..., se:cdpVersion: 108.0.5359.94, setWindowRect: true, strictFileInteractability: false, timeouts: {implicit: 0, pageLoad: 300000, script: 30000}, unhandledPromptBehavior: dismiss and notify, webauthn:extension:credBlob: true, webauthn:extension:largeBlob: true, webauthn:virtualAuthenticators: true}&#10;Element: [[ChromeDriver: chrome on WINDOWS (ffa5396b1945aefaa1fe16ce457b0c37)] -&gt; xpath: //span[text()=&apos;Մուտք&apos;]]&#10;Session ID: ffa5396b1945aefaa1fe16ce457b0c37" type="org.openqa.selenium.ElementClickInterceptedException"><![CDATA[org.openqa.selenium.ElementClickInterceptedException: 
element click intercepted: Element <span class="MuiButton-label">...</span> is not clickable at point (926, 38). Other element would receive the click: <div class="MuiDialog-container MuiDialog-scrollPaper" role="none presentation" tabindex="-1" style="opacity: 1; transition: opacity 225ms cubic-bezier(0.4, 0, 0.2, 1) 0ms;">...</div>
  (Session info: chrome=108.0.5359.94)
Build info: version: '4.6.0', revision: '79f1c02ae20'
System info: os.name: 'Windows 10', os.arch: 'amd64', os.version: '10.0', java.version: '17.0.2'
Driver info: org.openqa.selenium.chrome.ChromeDriver
Command: [ffa5396b1945aefaa1fe16ce457b0c37, clickElement {id=27520950-2737-4952-81d9-66a894efff29}]
Capabilities {acceptInsecureCerts: false, browserName: chrome, browserVersion: 108.0.5359.94, chrome: {chromedriverVersion: 108.0.5359.71 (1e0e3868ee06..., userDataDir: C:\Users\Hamlet\AppData\Loc...}, goog:chromeOptions: {debuggerAddress: localhost:52779}, networkConnectionEnabled: false, pageLoadStrategy: normal, platformName: WINDOWS, proxy: Proxy(), se:cdp: ws://localhost:52779/devtoo..., se:cdpVersion: 108.0.5359.94, setWindowRect: true, strictFileInteractability: false, timeouts: {implicit: 0, pageLoad: 300000, script: 30000}, unhandledPromptBehavior: dismiss and notify, webauthn:extension:credBlob: true, webauthn:extension:largeBlob: true, webauthn:virtualAuthenticators: true}
Element: [[ChromeDriver: chrome on WINDOWS (ffa5396b1945aefaa1fe16ce457b0c37)] -> xpath: //span[text()='Մուտք']]
Session ID: ffa5396b1945aefaa1fe16ce457b0c37
	at java.base/jdk.internal.reflect.NativeConstructorAccessorImpl.newInstance0(Native Method)
	at java.base/jdk.internal.reflect.NativeConstructorAccessorImpl.newInstance(NativeConstructorAccessorImpl.java:77)
	at java.base/jdk.internal.reflect.DelegatingConstructorAccessorImpl.newInstance(DelegatingConstructorAccessorImpl.java:45)
	at java.base/java.lang.reflect.Constructor.newInstanceWithCaller(Constructor.java:499)
	at java.base/java.lang.reflect.Constructor.newInstance(Constructor.java:480)
	at org.openqa.selenium.remote.codec.w3c.W3CHttpResponseCodec.createException(W3CHttpResponseCodec.java:200)
	at org.openqa.selenium.remote.codec.w3c.W3CHttpResponseCodec.decode(W3CHttpResponseCodec.java:133)
	at org.openqa.selenium.remote.codec.w3c.W3CHttpResponseCodec.decode(W3CHttpResponseCodec.java:53)
	at org.openqa.selenium.remote.HttpCommandExecutor.execute(HttpCommandExecutor.java:184)
	at org.openqa.selenium.remote.service.DriverCommandExecutor.invokeExecute(DriverCommandExecutor.java:167)
	at org.openqa.selenium.remote.service.DriverCommandExecutor.execute(DriverCommandExecutor.java:142)
	at org.openqa.selenium.remote.RemoteWebDriver.execute(RemoteWebDriver.java:541)
	at org.openqa.selenium.remote.RemoteWebElement.execute(RemoteWebElement.java:257)
	at org.openqa.selenium.remote.RemoteWebElement.click(RemoteWebElement.java:78)
	at java.base/jdk.internal.reflect.NativeMethodAccessorImpl.invoke0(Native Method)
	at java.base/jdk.internal.reflect.NativeMethodAccessorImpl.invoke(NativeMethodAccessorImpl.java:77)
	at java.base/jdk.internal.reflect.DelegatingMethodAccessorImpl.invoke(DelegatingMethodAccessorImpl.java:43)
	at java.base/java.lang.reflect.Method.invoke(Method.java:568)
	at org.openqa.selenium.support.pagefactory.internal.LocatingElementHandler.invoke(LocatingElementHandler.java:52)
	at jdk.proxy2/jdk.proxy2.$Proxy14.click(Unknown Source)
	at pages.HomePage.loginAccount(HomePage.java:35)
	at CartFunctionalityTests.initDriverAndLoginAccountAndSetDeliveryAddress(CartFunctionalityTests.java:33)
	at java.base/jdk.internal.reflect.NativeMethodAccessorImpl.invoke0(Native Method)
	at java.base/jdk.internal.reflect.NativeMethodAccessorImpl.invoke(NativeMethodAccessorImpl.java:77)
	at java.base/jdk.internal.reflect.DelegatingMethodAccessorImpl.invoke(DelegatingMethodAccessorImpl.java:43)
	at java.base/java.lang.reflect.Method.invoke(Method.java:568)
	at org.testng.internal.invokers.MethodInvocationHelper.invokeMethod(MethodInvocationHelper.java:139)
	at org.testng.internal.invokers.MethodInvocationHelper.invokeMethodConsideringTimeout(MethodInvocationHelper.java:69)
	at org.testng.internal.invokers.ConfigInvoker.invokeConfigurationMethod(ConfigInvoker.java:361)
	at org.testng.internal.invokers.ConfigInvoker.invokeConfigurations(ConfigInvoker.java:296)
	at org.testng.internal.invokers.TestInvoker.runConfigMethods(TestInvoker.java:816)
	at org.testng.internal.invokers.TestInvoker.invokeMethod(TestInvoker.java:590)
	at org.testng.internal.invokers.TestInvoker.invokeTestMethod(TestInvoker.java:221)
	at org.testng.internal.invokers.MethodRunner.runInSequence(MethodRunner.java:50)
	at org.testng.internal.invokers.TestInvoker$MethodInvocationAgent.invoke(TestInvoker.java:962)
	at org.testng.internal.invokers.TestInvoker.invokeTestMethods(TestInvoker.java:194)
	at org.testng.internal.invokers.TestMethodWorker.invokeTestMethods(TestMethodWorker.java:148)
	at org.testng.internal.invokers.TestMethodWorker.run(TestMethodWorker.java:128)
	at java.base/java.util.concurrent.ThreadPoolExecutor.runWorker(ThreadPoolExecutor.java:1136)
	at java.base/java.util.concurrent.ThreadPoolExecutor$Worker.run(ThreadPoolExecutor.java:635)
	at java.base/java.lang.Thread.run(Thread.java:833)
]]></failure>
    <system-err><![CDATA[SLF4J: Failed to load class "org.slf4j.impl.StaticLoggerBinder".
SLF4J: Defaulting to no-operation (NOP) logger implementation
SLF4J: See http://www.slf4j.org/codes.html#StaticLoggerBinder for further details.
ERROR StatusLogger Log4j2 could not find a logging implementation. Please add log4j-core to the classpath. Using SimpleLogger to log to the console...
Starting ChromeDriver 108.0.5359.71 (1e0e3868ee06e91ad636a874420e3ca3ae3756ac-refs/branch-heads/5359@{#1016}) on port 35467
Only local connectionsS taarret ailnlgo Cwhedr.ome
PDrlievaseer  s10ee8 .h0t.5t3ps59:/./71ch r(o1mee0drei3ve8r68.ceeh0r6oem9i1uadm6.3o6rag8/7s4e4c20ueri3tcya-3caoen3s7i5d6eraact-ironesf sf/borr asnucghg-ehsetaidosn/s5 3o5n9 @k{e#e1p0i1n6g }Ch)r oomne Dproirvetr  1s7a9fe.99

Only local connecChtiroonmseD rairvee ral wloaws edst.ar
tPeled assuec cseeess hftultplys:./
/chromedriver.chromium.org/security-considerations for suggestions on keeping ChromeDriver safe.
ChromeDriver was started successfully.
Dec 07, 2022 4:39:13 PM org.openqa.selenium.devtools.CdpVersionFinder findNearestMatch
WARNING: Unable to find an exact match for CDP version 108, so returning the closest version found: 107
Dec 07, 2022 4:39:13 PM org.openqa.selenium.devtools.CdpVersionFinder findNearestMatch
WARNING: Unable to find an exact match for CDP version 108, so returning the closest version found: 107
]]></system-err>
  </testcase>
  <testcase name="initDriverAndLoginAccountAndSetDeliveryAddress" classname="CartFunctionalityTests" time="0">
    <skipped/>
  </testcase>
  <testcase name="initDriverAndLoginAccountAndSetDeliveryAddress" classname="CartFunctionalityTests" time="0">
    <skipped/>
  </testcase>
  <testcase name="initDriverAndLoginAccountAndSetDeliveryAddress" classname="CartFunctionalityTests" time="0">
    <skipped/>
  </testcase>
  <testcase name="initDriverAndLoginAccountAndSetDeliveryAddress" classname="CartFunctionalityTests" time="0">
    <skipped/>
  </testcase>
  <testcase name="TestFour" classname="CartFunctionalityTests" time="0">
    <skipped message="element click intercepted: Element &lt;span class=&quot;MuiButton-label&quot;&gt;...&lt;/span&gt; is not clickable at point (926, 38). Other element would receive the click: &lt;div class=&quot;MuiDialog-container MuiDialog-scrollPaper&quot; role=&quot;none presentation&quot; tabindex=&quot;-1&quot; style=&quot;opacity: 1; transition: opacity 225ms cubic-bezier(0.4, 0, 0.2, 1) 0ms;&quot;&gt;...&lt;/div&gt;&#10;  (Session info: chrome=108.0.5359.94)&#10;Build info: version: &apos;4.6.0&apos;, revision: &apos;79f1c02ae20&apos;&#10;System info: os.name: &apos;Windows 10&apos;, os.arch: &apos;amd64&apos;, os.version: &apos;10.0&apos;, java.version: &apos;17.0.2&apos;&#10;Driver info: org.openqa.selenium.chrome.ChromeDriver&#10;Command: [ffa5396b1945aefaa1fe16ce457b0c37, clickElement {id=27520950-2737-4952-81d9-66a894efff29}]&#10;Capabilities {acceptInsecureCerts: false, browserName: chrome, browserVersion: 108.0.5359.94, chrome: {chromedriverVersion: 108.0.5359.71 (1e0e3868ee06..., userDataDir: C:\Users\Hamlet\AppData\Loc...}, goog:chromeOptions: {debuggerAddress: localhost:52779}, networkConnectionEnabled: false, pageLoadStrategy: normal, platformName: WINDOWS, proxy: Proxy(), se:cdp: ws://localhost:52779/devtoo..., se:cdpVersion: 108.0.5359.94, setWindowRect: true, strictFileInteractability: false, timeouts: {implicit: 0, pageLoad: 300000, script: 30000}, unhandledPromptBehavior: dismiss and notify, webauthn:extension:credBlob: true, webauthn:extension:largeBlob: true, webauthn:virtualAuthenticators: true}&#10;Element: [[ChromeDriver: chrome on WINDOWS (ffa5396b1945aefaa1fe16ce457b0c37)] -&gt; xpath: //span[text()=&apos;Մուտք&apos;]]&#10;Session ID: ffa5396b1945aefaa1fe16ce457b0c37"/>
  </testcase>
  <testcase name="clearCartAndLogOut" classname="CartFunctionalityTests" time="0">
    <skipped/>
  </testcase>
  <testcase name="clearCartAndLogOut" classname="CartFunctionalityTests" time="0">
    <skipped/>
  </testcase>
  <testcase name="clearCartAndLogOut" classname="CartFunctionalityTests" time="0">
    <skipped/>
  </testcase>
  <testcase name="clearCartAndLogOut" classname="CartFunctionalityTests" time="0">
    <skipped/>
  </testcase>
  <testcase name="clearCartAndLogOut" classname="CartFunctionalityTests" time="0">
    <skipped/>
  </testcase>
  <testcase name="clearCartAndLogOut" classname="CartFunctionalityTests" time="0">
    <skipped/>
  </testcase>
  <testcase name="TestOne" classname="CartFunctionalityTests" time="0">
    <skipped message="element click intercepted: Element &lt;span class=&quot;MuiButton-label&quot;&gt;...&lt;/span&gt; is not clickable at point (926, 38). Other element would receive the click: &lt;div class=&quot;MuiDialog-container MuiDialog-scrollPaper&quot; role=&quot;none presentation&quot; tabindex=&quot;-1&quot; style=&quot;opacity: 1; transition: opacity 225ms cubic-bezier(0.4, 0, 0.2, 1) 0ms;&quot;&gt;...&lt;/div&gt;&#10;  (Session info: chrome=108.0.5359.94)&#10;Build info: version: &apos;4.6.0&apos;, revision: &apos;79f1c02ae20&apos;&#10;System info: os.name: &apos;Windows 10&apos;, os.arch: &apos;amd64&apos;, os.version: &apos;10.0&apos;, java.version: &apos;17.0.2&apos;&#10;Driver info: org.openqa.selenium.chrome.ChromeDriver&#10;Command: [ffa5396b1945aefaa1fe16ce457b0c37, clickElement {id=27520950-2737-4952-81d9-66a894efff29}]&#10;Capabilities {acceptInsecureCerts: false, browserName: chrome, browserVersion: 108.0.5359.94, chrome: {chromedriverVersion: 108.0.5359.71 (1e0e3868ee06..., userDataDir: C:\Users\Hamlet\AppData\Loc...}, goog:chromeOptions: {debuggerAddress: localhost:52779}, networkConnectionEnabled: false, pageLoadStrategy: normal, platformName: WINDOWS, proxy: Proxy(), se:cdp: ws://localhost:52779/devtoo..., se:cdpVersion: 108.0.5359.94, setWindowRect: true, strictFileInteractability: false, timeouts: {implicit: 0, pageLoad: 300000, script: 30000}, unhandledPromptBehavior: dismiss and notify, webauthn:extension:credBlob: true, webauthn:extension:largeBlob: true, webauthn:virtualAuthenticators: true}&#10;Element: [[ChromeDriver: chrome on WINDOWS (ffa5396b1945aefaa1fe16ce457b0c37)] -&gt; xpath: //span[text()=&apos;Մուտք&apos;]]&#10;Session ID: ffa5396b1945aefaa1fe16ce457b0c37"/>
  </testcase>
  <testcase name="TestSix" classname="CartFunctionalityTests" time="0">
    <skipped message="element click intercepted: Element &lt;span class=&quot;MuiButton-label&quot;&gt;...&lt;/span&gt; is not clickable at point (926, 38). Other element would receive the click: &lt;div class=&quot;MuiDialog-container MuiDialog-scrollPaper&quot; role=&quot;none presentation&quot; tabindex=&quot;-1&quot; style=&quot;opacity: 1; transition: opacity 225ms cubic-bezier(0.4, 0, 0.2, 1) 0ms;&quot;&gt;...&lt;/div&gt;&#10;  (Session info: chrome=108.0.5359.94)&#10;Build info: version: &apos;4.6.0&apos;, revision: &apos;79f1c02ae20&apos;&#10;System info: os.name: &apos;Windows 10&apos;, os.arch: &apos;amd64&apos;, os.version: &apos;10.0&apos;, java.version: &apos;17.0.2&apos;&#10;Driver info: org.openqa.selenium.chrome.ChromeDriver&#10;Command: [ffa5396b1945aefaa1fe16ce457b0c37, clickElement {id=27520950-2737-4952-81d9-66a894efff29}]&#10;Capabilities {acceptInsecureCerts: false, browserName: chrome, browserVersion: 108.0.5359.94, chrome: {chromedriverVersion: 108.0.5359.71 (1e0e3868ee06..., userDataDir: C:\Users\Hamlet\AppData\Loc...}, goog:chromeOptions: {debuggerAddress: localhost:52779}, networkConnectionEnabled: false, pageLoadStrategy: normal, platformName: WINDOWS, proxy: Proxy(), se:cdp: ws://localhost:52779/devtoo..., se:cdpVersion: 108.0.5359.94, setWindowRect: true, strictFileInteractability: false, timeouts: {implicit: 0, pageLoad: 300000, script: 30000}, unhandledPromptBehavior: dismiss and notify, webauthn:extension:credBlob: true, webauthn:extension:largeBlob: true, webauthn:virtualAuthenticators: true}&#10;Element: [[ChromeDriver: chrome on WINDOWS (ffa5396b1945aefaa1fe16ce457b0c37)] -&gt; xpath: //span[text()=&apos;Մուտք&apos;]]&#10;Session ID: ffa5396b1945aefaa1fe16ce457b0c37"/>
  </testcase>
  <testcase name="TestThree" classname="CartFunctionalityTests" time="0">
    <skipped message="element click intercepted: Element &lt;span class=&quot;MuiButton-label&quot;&gt;...&lt;/span&gt; is not clickable at point (926, 38). Other element would receive the click: &lt;div class=&quot;MuiDialog-container MuiDialog-scrollPaper&quot; role=&quot;none presentation&quot; tabindex=&quot;-1&quot; style=&quot;opacity: 1; transition: opacity 225ms cubic-bezier(0.4, 0, 0.2, 1) 0ms;&quot;&gt;...&lt;/div&gt;&#10;  (Session info: chrome=108.0.5359.94)&#10;Build info: version: &apos;4.6.0&apos;, revision: &apos;79f1c02ae20&apos;&#10;System info: os.name: &apos;Windows 10&apos;, os.arch: &apos;amd64&apos;, os.version: &apos;10.0&apos;, java.version: &apos;17.0.2&apos;&#10;Driver info: org.openqa.selenium.chrome.ChromeDriver&#10;Command: [ffa5396b1945aefaa1fe16ce457b0c37, clickElement {id=27520950-2737-4952-81d9-66a894efff29}]&#10;Capabilities {acceptInsecureCerts: false, browserName: chrome, browserVersion: 108.0.5359.94, chrome: {chromedriverVersion: 108.0.5359.71 (1e0e3868ee06..., userDataDir: C:\Users\Hamlet\AppData\Loc...}, goog:chromeOptions: {debuggerAddress: localhost:52779}, networkConnectionEnabled: false, pageLoadStrategy: normal, platformName: WINDOWS, proxy: Proxy(), se:cdp: ws://localhost:52779/devtoo..., se:cdpVersion: 108.0.5359.94, setWindowRect: true, strictFileInteractability: false, timeouts: {implicit: 0, pageLoad: 300000, script: 30000}, unhandledPromptBehavior: dismiss and notify, webauthn:extension:credBlob: true, webauthn:extension:largeBlob: true, webauthn:virtualAuthenticators: true}&#10;Element: [[ChromeDriver: chrome on WINDOWS (ffa5396b1945aefaa1fe16ce457b0c37)] -&gt; xpath: //span[text()=&apos;Մուտք&apos;]]&#10;Session ID: ffa5396b1945aefaa1fe16ce457b0c37"/>
  </testcase>
  <testcase name="TestTwo" classname="CartFunctionalityTests" time="0">
    <skipped message="element click intercepted: Element &lt;span class=&quot;MuiButton-label&quot;&gt;...&lt;/span&gt; is not clickable at point (926, 38). Other element would receive the click: &lt;div class=&quot;MuiDialog-container MuiDialog-scrollPaper&quot; role=&quot;none presentation&quot; tabindex=&quot;-1&quot; style=&quot;opacity: 1; transition: opacity 225ms cubic-bezier(0.4, 0, 0.2, 1) 0ms;&quot;&gt;...&lt;/div&gt;&#10;  (Session info: chrome=108.0.5359.94)&#10;Build info: version: &apos;4.6.0&apos;, revision: &apos;79f1c02ae20&apos;&#10;System info: os.name: &apos;Windows 10&apos;, os.arch: &apos;amd64&apos;, os.version: &apos;10.0&apos;, java.version: &apos;17.0.2&apos;&#10;Driver info: org.openqa.selenium.chrome.ChromeDriver&#10;Command: [ffa5396b1945aefaa1fe16ce457b0c37, clickElement {id=27520950-2737-4952-81d9-66a894efff29}]&#10;Capabilities {acceptInsecureCerts: false, browserName: chrome, browserVersion: 108.0.5359.94, chrome: {chromedriverVersion: 108.0.5359.71 (1e0e3868ee06..., userDataDir: C:\Users\Hamlet\AppData\Loc...}, goog:chromeOptions: {debuggerAddress: localhost:52779}, networkConnectionEnabled: false, pageLoadStrategy: normal, platformName: WINDOWS, proxy: Proxy(), se:cdp: ws://localhost:52779/devtoo..., se:cdpVersion: 108.0.5359.94, setWindowRect: true, strictFileInteractability: false, timeouts: {implicit: 0, pageLoad: 300000, script: 30000}, unhandledPromptBehavior: dismiss and notify, webauthn:extension:credBlob: true, webauthn:extension:largeBlob: true, webauthn:virtualAuthenticators: true}&#10;Element: [[ChromeDriver: chrome on WINDOWS (ffa5396b1945aefaa1fe16ce457b0c37)] -&gt; xpath: //span[text()=&apos;Մուտք&apos;]]&#10;Session ID: ffa5396b1945aefaa1fe16ce457b0c37"/>
  </testcase>
  <testcase name="TestFive" classname="CartFunctionalityTests" time="0">
    <skipped message="element click intercepted: Element &lt;span class=&quot;MuiButton-label&quot;&gt;...&lt;/span&gt; is not clickable at point (926, 38). Other element would receive the click: &lt;div class=&quot;MuiDialog-container MuiDialog-scrollPaper&quot; role=&quot;none presentation&quot; tabindex=&quot;-1&quot; style=&quot;opacity: 1; transition: opacity 225ms cubic-bezier(0.4, 0, 0.2, 1) 0ms;&quot;&gt;...&lt;/div&gt;&#10;  (Session info: chrome=108.0.5359.94)&#10;Build info: version: &apos;4.6.0&apos;, revision: &apos;79f1c02ae20&apos;&#10;System info: os.name: &apos;Windows 10&apos;, os.arch: &apos;amd64&apos;, os.version: &apos;10.0&apos;, java.version: &apos;17.0.2&apos;&#10;Driver info: org.openqa.selenium.chrome.ChromeDriver&#10;Command: [ffa5396b1945aefaa1fe16ce457b0c37, clickElement {id=27520950-2737-4952-81d9-66a894efff29}]&#10;Capabilities {acceptInsecureCerts: false, browserName: chrome, browserVersion: 108.0.5359.94, chrome: {chromedriverVersion: 108.0.5359.71 (1e0e3868ee06..., userDataDir: C:\Users\Hamlet\AppData\Loc...}, goog:chromeOptions: {debuggerAddress: localhost:52779}, networkConnectionEnabled: false, pageLoadStrategy: normal, platformName: WINDOWS, proxy: Proxy(), se:cdp: ws://localhost:52779/devtoo..., se:cdpVersion: 108.0.5359.94, setWindowRect: true, strictFileInteractability: false, timeouts: {implicit: 0, pageLoad: 300000, script: 30000}, unhandledPromptBehavior: dismiss and notify, webauthn:extension:credBlob: true, webauthn:extension:largeBlob: true, webauthn:virtualAuthenticators: true}&#10;Element: [[ChromeDriver: chrome on WINDOWS (ffa5396b1945aefaa1fe16ce457b0c37)] -&gt; xpath: //span[text()=&apos;Մուտք&apos;]]&#10;Session ID: ffa5396b1945aefaa1fe16ce457b0c37"/>
  </testcase>
  <testcase name="tearDown" classname="CartFunctionalityTests" time="0">
    <skipped/>
  </testcase>
</testsuite>