<?xml version="1.0" encoding="UTF-8"?>
<testng-results ignored="0" total="6" passed="6" failed="0" skipped="0">
  <reporter-output>
  </reporter-output>
  <suite started-at="2022-11-29T11:20:15 AMT" name="MenuAmAllTests" finished-at="2022-11-29T11:20:59 AMT" duration-ms="43976">
    <groups>
    </groups>
    <test started-at="2022-11-29T11:20:15 AMT" name="TestMenuAm" finished-at="2022-11-29T11:20:59 AMT" duration-ms="43976">
      <class name="CartFunctionalityTests">
        <test-method is-config="true" signature="initDriver()[pri:0, instance:CartFunctionalityTests@6aba2b86]" started-at="2022-11-29T11:20:16 AMT" name="initDriver" finished-at="2022-11-29T11:20:20 AMT" duration-ms="4091" status="PASS">
          <reporter-output>
          </reporter-output>
        </test-method> <!-- initDriver -->
        <test-method signature="TestOne()[pri:1, instance:CartFunctionalityTests@6aba2b86]" started-at="2022-11-29T11:20:20 AMT" name="TestOne" finished-at="2022-11-29T11:20:37 AMT" duration-ms="17601" status="PASS">
          <reporter-output>
          </reporter-output>
        </test-method> <!-- TestOne -->
        <test-method is-config="true" signature="initDriver()[pri:0, instance:CartFunctionalityTests@6aba2b86]" started-at="2022-11-29T11:20:37 AMT" name="initDriver" finished-at="2022-11-29T11:20:37 AMT" duration-ms="1" status="PASS">
          <reporter-output>
          </reporter-output>
        </test-method> <!-- initDriver -->
        <test-method signature="TestTwo()[pri:2, instance:CartFunctionalityTests@6aba2b86]" started-at="2022-11-29T11:20:37 AMT" name="TestTwo" finished-at="2022-11-29T11:20:37 AMT" duration-ms="222" status="PASS">
          <reporter-output>
          </reporter-output>
        </test-method> <!-- TestTwo -->
        <test-method is-config="true" signature="initDriver()[pri:0, instance:CartFunctionalityTests@6aba2b86]" started-at="2022-11-29T11:20:37 AMT" name="initDriver" finished-at="2022-11-29T11:20:37 AMT" duration-ms="2" status="PASS">
          <reporter-output>
          </reporter-output>
        </test-method> <!-- initDriver -->
        <test-method signature="TestThree()[pri:3, instance:CartFunctionalityTests@6aba2b86]" started-at="2022-11-29T11:20:37 AMT" name="TestThree" finished-at="2022-11-29T11:20:38 AMT" duration-ms="449" status="PASS">
          <reporter-output>
          </reporter-output>
        </test-method> <!-- TestThree -->
        <test-method is-config="true" signature="initDriver()[pri:0, instance:CartFunctionalityTests@6aba2b86]" started-at="2022-11-29T11:20:38 AMT" name="initDriver" finished-at="2022-11-29T11:20:38 AMT" duration-ms="1" status="PASS">
          <reporter-output>
          </reporter-output>
        </test-method> <!-- initDriver -->
        <test-method signature="TestFour()[pri:4, instance:CartFunctionalityTests@6aba2b86]" started-at="2022-11-29T11:20:38 AMT" name="TestFour" finished-at="2022-11-29T11:20:38 AMT" duration-ms="359" status="PASS">
          <reporter-output>
          </reporter-output>
        </test-method> <!-- TestFour -->
        <test-method is-config="true" signature="initDriver()[pri:0, instance:CartFunctionalityTests@6aba2b86]" started-at="2022-11-29T11:20:38 AMT" name="initDriver" finished-at="2022-11-29T11:20:38 AMT" duration-ms="0" status="PASS">
          <reporter-output>
          </reporter-output>
        </test-method> <!-- initDriver -->
        <test-method signature="TestFive()[pri:5, instance:CartFunctionalityTests@6aba2b86]" started-at="2022-11-29T11:20:38 AMT" name="TestFive" finished-at="2022-11-29T11:20:39 AMT" duration-ms="922" status="PASS">
          <reporter-output>
          </reporter-output>
        </test-method> <!-- TestFive -->
        <test-method is-config="true" signature="initDriver()[pri:0, instance:CartFunctionalityTests@6aba2b86]" started-at="2022-11-29T11:20:39 AMT" name="initDriver" finished-at="2022-11-29T11:20:39 AMT" duration-ms="1" status="PASS">
          <reporter-output>
          </reporter-output>
        </test-method> <!-- initDriver -->
        <test-method signature="TestSix()[pri:6, instance:CartFunctionalityTests@6aba2b86]" started-at="2022-11-29T11:20:39 AMT" name="TestSix" finished-at="2022-11-29T11:20:57 AMT" duration-ms="17957" status="PASS">
          <reporter-output>
          </reporter-output>
        </test-method> <!-- TestSix -->
        <test-method is-config="true" signature="tearDown()[pri:0, instance:CartFunctionalityTests@6aba2b86]" started-at="2022-11-29T11:20:57 AMT" name="tearDown" finished-at="2022-11-29T11:20:59 AMT" duration-ms="2269" status="PASS">
          <reporter-output>
          </reporter-output>
        </test-method> <!-- tearDown -->
      </class> <!-- CartFunctionalityTests -->
    </test> <!-- TestMenuAm -->
  </suite> <!-- MenuAmAllTests -->
</testng-results>
