<?xml version="1.0" encoding="UTF-8"?>
<testng-results ignored="0" total="6" passed="6" failed="0" skipped="0">
  <reporter-output>
  </reporter-output>
  <suite started-at="2022-12-19T16:21:06 AMT" name="Parallel Test Suite" finished-at="2022-12-19T16:23:16 AMT" duration-ms="130450">
    <groups>
    </groups>
    <test started-at="2022-12-19T16:21:06 AMT" name="TestMenuAm" finished-at="2022-12-19T16:23:16 AMT" duration-ms="130450">
      <class name="CartFunctionalityTests">
        <test-method is-config="true" signature="initTests(java.lang.String)[pri:0, instance:CartFunctionalityTests@4f6ee6e4]" started-at="2022-12-19T16:21:05 AMT" name="initTests" finished-at="2022-12-19T16:21:06 AMT" duration-ms="40" status="PASS">
          <params>
            <param index="0">
              <value>
                <![CDATA[chrome]]>
              </value>
            </param>
          </params>
          <reporter-output>
          </reporter-output>
        </test-method> <!-- initTests -->
        <test-method signature="TestFour()[pri:0, instance:CartFunctionalityTests@4f6ee6e4]" started-at="2022-12-19T16:21:06 AMT" name="TestFour" finished-at="2022-12-19T16:21:53 AMT" duration-ms="46978" status="PASS">
          <reporter-output>
          </reporter-output>
        </test-method> <!-- TestFour -->
        <test-method signature="TestOne()[pri:0, instance:CartFunctionalityTests@4f6ee6e4]" started-at="2022-12-19T16:21:06 AMT" name="TestOne" finished-at="2022-12-19T16:21:55 AMT" duration-ms="49180" status="PASS">
          <reporter-output>
          </reporter-output>
        </test-method> <!-- TestOne -->
        <test-method signature="TestFive()[pri:0, instance:CartFunctionalityTests@4f6ee6e4]" started-at="2022-12-19T16:21:06 AMT" name="TestFive" finished-at="2022-12-19T16:21:55 AMT" duration-ms="49867" status="PASS">
          <reporter-output>
          </reporter-output>
        </test-method> <!-- TestFive -->
        <test-method is-config="true" signature="clearCartAndLogOut()[pri:0, instance:CartFunctionalityTests@4f6ee6e4]" started-at="2022-12-19T16:21:53 AMT" name="clearCartAndLogOut" finished-at="2022-12-19T16:21:56 AMT" duration-ms="3466" status="PASS">
          <reporter-output>
          </reporter-output>
        </test-method> <!-- clearCartAndLogOut -->
        <test-method is-config="true" signature="clearCartAndLogOut()[pri:0, instance:CartFunctionalityTests@4f6ee6e4]" started-at="2022-12-19T16:21:55 AMT" name="clearCartAndLogOut" finished-at="2022-12-19T16:21:58 AMT" duration-ms="3570" status="PASS">
          <reporter-output>
          </reporter-output>
        </test-method> <!-- clearCartAndLogOut -->
        <test-method is-config="true" signature="clearCartAndLogOut()[pri:0, instance:CartFunctionalityTests@4f6ee6e4]" started-at="2022-12-19T16:21:55 AMT" name="clearCartAndLogOut" finished-at="2022-12-19T16:21:59 AMT" duration-ms="3410" status="PASS">
          <reporter-output>
          </reporter-output>
        </test-method> <!-- clearCartAndLogOut -->
        <test-method is-config="true" signature="tearDown()[pri:0, instance:CartFunctionalityTests@4f6ee6e4]" started-at="2022-12-19T16:21:56 AMT" name="tearDown" finished-at="2022-12-19T16:21:58 AMT" duration-ms="1628" status="PASS">
          <reporter-output>
          </reporter-output>
        </test-method> <!-- tearDown -->
        <test-method signature="TestSix()[pri:0, instance:CartFunctionalityTests@4f6ee6e4]" started-at="2022-12-19T16:21:58 AMT" name="TestSix" finished-at="2022-12-19T16:22:52 AMT" duration-ms="54756" status="PASS">
          <reporter-output>
          </reporter-output>
        </test-method> <!-- TestSix -->
        <test-method is-config="true" signature="tearDown()[pri:0, instance:CartFunctionalityTests@4f6ee6e4]" started-at="2022-12-19T16:21:58 AMT" name="tearDown" finished-at="2022-12-19T16:22:00 AMT" duration-ms="1892" status="PASS">
          <reporter-output>
          </reporter-output>
        </test-method> <!-- tearDown -->
        <test-method is-config="true" signature="tearDown()[pri:0, instance:CartFunctionalityTests@4f6ee6e4]" started-at="2022-12-19T16:21:59 AMT" name="tearDown" finished-at="2022-12-19T16:22:00 AMT" duration-ms="1326" status="PASS">
          <reporter-output>
          </reporter-output>
        </test-method> <!-- tearDown -->
        <test-method signature="TestThree()[pri:0, instance:CartFunctionalityTests@4f6ee6e4]" started-at="2022-12-19T16:22:00 AMT" name="TestThree" finished-at="2022-12-19T16:22:41 AMT" duration-ms="40756" status="PASS">
          <reporter-output>
          </reporter-output>
        </test-method> <!-- TestThree -->
        <test-method signature="TestTwo()[pri:0, instance:CartFunctionalityTests@4f6ee6e4]" started-at="2022-12-19T16:22:00 AMT" name="TestTwo" finished-at="2022-12-19T16:22:43 AMT" duration-ms="42350" status="PASS">
          <reporter-output>
          </reporter-output>
        </test-method> <!-- TestTwo -->
        <test-method is-config="true" signature="clearCartAndLogOut()[pri:0, instance:CartFunctionalityTests@4f6ee6e4]" started-at="2022-12-19T16:22:41 AMT" name="clearCartAndLogOut" finished-at="2022-12-19T16:22:45 AMT" duration-ms="3883" status="PASS">
          <reporter-output>
          </reporter-output>
        </test-method> <!-- clearCartAndLogOut -->
        <test-method is-config="true" signature="clearCartAndLogOut()[pri:0, instance:CartFunctionalityTests@4f6ee6e4]" started-at="2022-12-19T16:22:43 AMT" name="clearCartAndLogOut" finished-at="2022-12-19T16:22:46 AMT" duration-ms="3691" status="PASS">
          <reporter-output>
          </reporter-output>
        </test-method> <!-- clearCartAndLogOut -->
        <test-method is-config="true" signature="tearDown()[pri:0, instance:CartFunctionalityTests@4f6ee6e4]" started-at="2022-12-19T16:22:45 AMT" name="tearDown" finished-at="2022-12-19T16:22:46 AMT" duration-ms="1158" status="PASS">
          <reporter-output>
          </reporter-output>
        </test-method> <!-- tearDown -->
        <test-method is-config="true" signature="tearDown()[pri:0, instance:CartFunctionalityTests@4f6ee6e4]" started-at="2022-12-19T16:22:46 AMT" name="tearDown" finished-at="2022-12-19T16:22:47 AMT" duration-ms="516" status="PASS">
          <reporter-output>
          </reporter-output>
        </test-method> <!-- tearDown -->
        <test-method is-config="true" signature="clearCartAndLogOut()[pri:0, instance:CartFunctionalityTests@4f6ee6e4]" started-at="2022-12-19T16:22:52 AMT" name="clearCartAndLogOut" finished-at="2022-12-19T16:23:15 AMT" duration-ms="23013" status="PASS">
          <reporter-output>
          </reporter-output>
        </test-method> <!-- clearCartAndLogOut -->
        <test-method is-config="true" signature="tearDown()[pri:0, instance:CartFunctionalityTests@4f6ee6e4]" started-at="2022-12-19T16:23:15 AMT" name="tearDown" finished-at="2022-12-19T16:23:16 AMT" duration-ms="526" status="PASS">
          <reporter-output>
          </reporter-output>
        </test-method> <!-- tearDown -->
      </class> <!-- CartFunctionalityTests -->
    </test> <!-- TestMenuAm -->
  </suite> <!-- Parallel Test Suite -->
</testng-results>
