<?xml version="1.0" encoding="UTF-8"?>
<!-- Generated by org.testng.reporters.JUnitXMLReporter -->
<testsuite ignored="0" hostname="DESKTOP-0O2L4MQ" failures="0" tests="6" name="TestMenuAm" time="130.45" errors="0" timestamp="2022-12-19T16:23:16 AMT">
  <testcase classname="CartFunctionalityTests" name="TestFour" time="46.978"/>
  <testcase classname="CartFunctionalityTests" name="TestOne" time="49.18"/>
  <testcase classname="CartFunctionalityTests" name="TestFive" time="49.867"/>
  <testcase classname="CartFunctionalityTests" name="TestThree" time="40.756"/>
  <testcase classname="CartFunctionalityTests" name="TestTwo" time="42.35"/>
  <testcase classname="CartFunctionalityTests" name="TestSix" time="54.756"/>
</testsuite> <!-- TestMenuAm -->
