<?xml version="1.0" encoding="UTF-8"?>
<!-- Generated by org.testng.reporters.JUnitXMLReporter -->
<testsuite ignored="0" hostname="DESKTOP-0O2L4MQ" failures="0" tests="6" name="TestMenuAm" time="43.976" errors="0" timestamp="2022-11-29T11:20:59 AMT">
  <testcase classname="CartFunctionalityTests" name="TestOne" time="17.601"/>
  <testcase classname="CartFunctionalityTests" name="TestTwo" time="0.222"/>
  <testcase classname="CartFunctionalityTests" name="TestThree" time="0.449"/>
  <testcase classname="CartFunctionalityTests" name="TestFour" time="0.359"/>
  <testcase classname="CartFunctionalityTests" name="TestFive" time="0.922"/>
  <testcase classname="CartFunctionalityTests" name="TestSix" time="17.957"/>
</testsuite> <!-- TestMenuAm -->
